# JRE version: Java(TM) SE Runtime Environment (17.0.12+8) (build 17.0.12+8-LTS-286)
# Java VM: Java HotSpot(TM) 64-Bit Server VM (17.0.12+8-LTS-286, mixed mode, sharing, tiered, compressed oops, compressed class ptrs, g1 gc, windows-amd64)
GC Precious Log:
 CPUs: 12 total, 12 available
 Memory: 7521M
 Large Page Support: Disabled
 NUMA Support: Disabled
 Compressed Oops: Enabled (32-bit)
 Heap Region Size: 1M
 Heap Min Capacity: 8M
 Heap Initial Capacity: 118M
 Heap Max Capacity: 2G
 Pre-touch: Disabled
 Parallel Workers: 10
 Concurrent Workers: 3
 Concurrent Refinement Workers: 10
 Periodic GC: Disabled
Heap:
 garbage-first heap   total 159744K, used 102612K [0x0000000080000000, 0x0000000100000000)
  region size 1024K, 28 young (28672K), 4 survivors (4096K)
 Metaspace       used 73800K, committed 74688K, reserved 491520K
  class space    used 10414K, committed 10816K, reserved 425984K
GC Heap History (20 events):
Event: 11.683 GC heap before
{Heap before GC invocations=24 (full 0):
 garbage-first heap   total 107520K, used 89551K [0x0000000080000000, 0x0000000100000000)
  region size 1024K, 35 young (35840K), 5 survivors (5120K)
 Metaspace       used 67772K, committed 68608K, reserved 491520K
  class space    used 9592K, committed 9984K, reserved 425984K
}
Event: 11.687 GC heap after
{Heap after GC invocations=25 (full 0):
 garbage-first heap   total 107520K, used 61560K [0x0000000080000000, 0x0000000100000000)
  region size 1024K, 3 young (3072K), 3 survivors (3072K)
 Metaspace       used 67772K, committed 68608K, reserved 491520K
  class space    used 9592K, committed 9984K, reserved 425984K
}
Event: 12.130 GC heap before
{Heap before GC invocations=26 (full 0):
 garbage-first heap   total 107520K, used 88184K [0x0000000080000000, 0x0000000100000000)
  region size 1024K, 30 young (30720K), 3 survivors (3072K)
 Metaspace       used 69683K, committed 70592K, reserved 491520K
  class space    used 9863K, committed 10304K, reserved 425984K
}
Event: 12.134 GC heap after
{Heap after GC invocations=27 (full 0):
 garbage-first heap   total 107520K, used 63774K [0x0000000080000000, 0x0000000100000000)
  region size 1024K, 3 young (3072K), 3 survivors (3072K)
 Metaspace       used 69683K, committed 70592K, reserved 491520K
  class space    used 9863K, committed 10304K, reserved 425984K
}
Event: 12.167 GC heap before
{Heap before GC invocations=27 (full 0):
 garbage-first heap   total 107520K, used 65822K [0x0000000080000000, 0x0000000100000000)
  region size 1024K, 5 young (5120K), 3 survivors (3072K)
 Metaspace       used 69893K, committed 70720K, reserved 491520K
  class space    used 9902K, committed 10304K, reserved 425984K
}
Event: 12.170 GC heap after
{Heap after GC invocations=28 (full 0):
 garbage-first heap   total 107520K, used 63645K [0x0000000080000000, 0x0000000100000000)
  region size 1024K, 1 young (1024K), 1 survivors (1024K)
 Metaspace       used 69893K, committed 70720K, reserved 491520K
  class space    used 9902K, committed 10304K, reserved 425984K
}
Event: 12.793 GC heap before
{Heap before GC invocations=28 (full 0):
 garbage-first heap   total 107520K, used 88221K [0x0000000080000000, 0x0000000100000000)
  region size 1024K, 26 young (26624K), 1 survivors (1024K)
 Metaspace       used 71681K, committed 72512K, reserved 491520K
  class space    used 10215K, committed 10624K, reserved 425984K
}
Event: 12.796 GC heap after
{Heap after GC invocations=29 (full 0):
 garbage-first heap   total 107520K, used 65522K [0x0000000080000000, 0x0000000100000000)
  region size 1024K, 3 young (3072K), 3 survivors (3072K)
 Metaspace       used 71681K, committed 72512K, reserved 491520K
  class space    used 10215K, committed 10624K, reserved 425984K
}
Event: 13.180 GC heap before
{Heap before GC invocations=30 (full 0):
 garbage-first heap   total 114688K, used 88050K [0x0000000080000000, 0x0000000100000000)
  region size 1024K, 25 young (25600K), 3 survivors (3072K)
 Metaspace       used 72683K, committed 73536K, reserved 491520K
  class space    used 10341K, committed 10752K, reserved 425984K
}
Event: 13.184 GC heap after
{Heap after GC invocations=31 (full 0):
 garbage-first heap   total 114688K, used 67938K [0x0000000080000000, 0x0000000100000000)
  region size 1024K, 3 young (3072K), 3 survivors (3072K)
 Metaspace       used 72683K, committed 73536K, reserved 491520K
  class space    used 10341K, committed 10752K, reserved 425984K
}
Event: 13.227 GC heap before
{Heap before GC invocations=31 (full 0):
 garbage-first heap   total 114688K, used 69986K [0x0000000080000000, 0x0000000100000000)
  region size 1024K, 5 young (5120K), 3 survivors (3072K)
 Metaspace       used 72857K, committed 73792K, reserved 491520K
  class space    used 10360K, committed 10816K, reserved 425984K
}
Event: 13.229 GC heap after
{Heap after GC invocations=32 (full 0):
 garbage-first heap   total 114688K, used 67824K [0x0000000080000000, 0x0000000100000000)
  region size 1024K, 1 young (1024K), 1 survivors (1024K)
 Metaspace       used 72857K, committed 73792K, reserved 491520K
  class space    used 10360K, committed 10816K, reserved 425984K
}
Event: 13.820 GC heap before
{Heap before GC invocations=32 (full 0):
 garbage-first heap   total 114688K, used 93424K [0x0000000080000000, 0x0000000100000000)
  region size 1024K, 27 young (27648K), 1 survivors (1024K)
 Metaspace       used 73479K, committed 74304K, reserved 491520K
  class space    used 10406K, committed 10816K, reserved 425984K
}
Event: 13.824 GC heap after
{Heap after GC invocations=33 (full 0):
 garbage-first heap   total 114688K, used 71288K [0x0000000080000000, 0x0000000100000000)
  region size 1024K, 4 young (4096K), 4 survivors (4096K)
 Metaspace       used 73479K, committed 74304K, reserved 491520K
  class space    used 10406K, committed 10816K, reserved 425984K
}
Event: 14.159 GC heap before
{Heap before GC invocations=33 (full 0):
 garbage-first heap   total 114688K, used 93816K [0x0000000080000000, 0x0000000100000000)
  region size 1024K, 27 young (27648K), 4 survivors (4096K)
 Metaspace       used 73689K, committed 74560K, reserved 491520K
  class space    used 10408K, committed 10816K, reserved 425984K
}
Event: 14.164 GC heap after
{Heap after GC invocations=34 (full 0):
 garbage-first heap   total 114688K, used 73750K [0x0000000080000000, 0x0000000100000000)
  region size 1024K, 3 young (3072K), 3 survivors (3072K)
 Metaspace       used 73689K, committed 74560K, reserved 491520K
  class space    used 10408K, committed 10816K, reserved 425984K
}
Event: 14.309 GC heap before
{Heap before GC invocations=34 (full 0):
 garbage-first heap   total 114688K, used 93206K [0x0000000080000000, 0x0000000100000000)
  region size 1024K, 23 young (23552K), 3 survivors (3072K)
 Metaspace       used 73744K, committed 74624K, reserved 491520K
  class space    used 10408K, committed 10816K, reserved 425984K
}
Event: 14.595 GC heap after
{Heap after GC invocations=35 (full 0):
 garbage-first heap   total 159744K, used 74854K [0x0000000080000000, 0x0000000100000000)
  region size 1024K, 2 young (2048K), 2 survivors (2048K)
 Metaspace       used 73744K, committed 74624K, reserved 491520K
  class space    used 10408K, committed 10816K, reserved 425984K
}
Event: 14.835 GC heap before
{Heap before GC invocations=35 (full 0):
 garbage-first heap   total 159744K, used 124006K [0x0000000080000000, 0x0000000100000000)
  region size 1024K, 51 young (52224K), 2 survivors (2048K)
 Metaspace       used 73770K, committed 74624K, reserved 491520K
  class space    used 10411K, committed 10816K, reserved 425984K
}
Event: 14.838 GC heap after
{Heap after GC invocations=36 (full 0):
 garbage-first heap   total 159744K, used 77012K [0x0000000080000000, 0x0000000100000000)
  region size 1024K, 4 young (4096K), 4 survivors (4096K)
 Metaspace       used 73770K, committed 74624K, reserved 491520K
  class space    used 10411K, committed 10816K, reserved 425984K
}

